Arguments: 
  /usr/local/Cellar/node/9.7.1/bin/node /usr/local/Cellar/yarn/1.5.1/libexec/bin/yarn.js status

PATH: 
  /Users/hughkolias/.rvm/gems/ruby-2.4.1/bin:/Users/hughkolias/.rvm/gems/ruby-2.4.1@global/bin:/Users/hughkolias/.rvm/rubies/ruby-2.4.1/bin:/usr/local/bin:/usr/bin:/bin:/usr/sbin:/sbin:/Users/hughkolias/.rvm/bin

Yarn version: 
  1.5.1

Node version: 
  9.7.1

Platform: 
  darwin x64

npm manifest: 
  {
    "name": "yuhu-react-plaid-link",
    "version": "1.0.2",
    "description": "A Yuhu-Customized React component for Plaid Link",
    "files": [
      "dist/",
      "lib/",
      "LICENSE"
    ],
    "main": "./lib/index.js",
    "repository": {
      "type": "git",
      "url": "https://github.com/pbernasconi/react-plaid-link.git"
    },
    "keywords": [
      "react",
      "react-component",
      "plaid"
    ],
    "license": "MIT",
    "bugs": {
      "url": "https://github.com/pbernasconi/react-plaid-link/issues"
    },
    "homepage": "https://github.com/pbernasconi/react-plaid-link",
    "directories": {
      "example": "examples"
    },
    "dependencies": {
      "prerelease": "^0.0.0",
      "react-load-script": "0.0.6",
      "material-ui": "0.19.2"
    },
    "peerDependencies": {
      "react": "^0.14.0 || ^15.0.0 || ^16",
      "react-dom": "^0.14.0 || ^15.0.0 || ^16"
    },
    "devDependencies": {
      "babel-cli": "6.26.x",
      "babel-core": "6.25.x",
      "babel-eslint": "8.0.x",
      "babel-loader": "7.1.x",
      "babel-plugin-transform-class-properties": "^6.24.1",
      "babel-preset-es2015": "6.5.x",
      "babel-preset-react": "6.5.x",
      "babel-preset-stage-0": "6.5.x",
      "babel-register": "6.5.x",
      "enzyme": "1.5.x",
      "eslint": "3.12.x",
      "eslint-plugin-react": "5.2.x",
      "mocha": "2.3.x",
      "prop-types": "^15.5.10",
      "react": "^16.2.0",
      "react-dom": "^16.2.0",
      "react-tools": "0.13.x",
      "sinon": "1.17.x",
      "webpack": "^3.6.0",
      "webpack-dev-server": "2.8.2",
      "xyz": "0.5.x"
    },
    "scripts": {
      "build": "babel -d dist/ src/"
    },
    "tags": [
      "react",
      "plaid"
    ]
  }

yarn manifest: 
  No manifest

Lockfile: 
  No lockfile

Trace: 
  Error: Command "status" not found.
      at new MessageError (/usr/local/Cellar/yarn/1.5.1/libexec/lib/cli.js:186:110)
      at /usr/local/Cellar/yarn/1.5.1/libexec/lib/cli.js:87307:17
      at Generator.next (<anonymous>)
      at step (/usr/local/Cellar/yarn/1.5.1/libexec/lib/cli.js:98:30)
      at /usr/local/Cellar/yarn/1.5.1/libexec/lib/cli.js:116:14
      at new Promise (<anonymous>)
      at new F (/usr/local/Cellar/yarn/1.5.1/libexec/lib/cli.js:23451:28)
      at /usr/local/Cellar/yarn/1.5.1/libexec/lib/cli.js:95:12
      at runCommand (/usr/local/Cellar/yarn/1.5.1/libexec/lib/cli.js:87312:22)
      at Object.<anonymous> (/usr/local/Cellar/yarn/1.5.1/libexec/lib/cli.js:87412:14)
